<?xml version="1.0" encoding="UTF-8"?>
<testng-results ignored="0" total="1" passed="1" failed="0" skipped="0">
  <reporter-output>
  </reporter-output>
  <suite started-at="2023-11-12T11:28:18 IST" name="Default suite" finished-at="2023-11-12T11:28:21 IST" duration-ms="3019">
    <groups>
    </groups>
    <test started-at="2023-11-12T11:28:18 IST" name="Default test" finished-at="2023-11-12T11:28:21 IST" duration-ms="3019">
      <class name="Demo1.Practice1">
        <test-method signature="getUser()[pri:1, instance:Demo1.Practice1@649bec2e]" started-at="2023-11-12T11:28:18 IST" name="getUser" finished-at="2023-11-12T11:28:21 IST" duration-ms="2986" status="PASS">
          <reporter-output>
          </reporter-output>
        </test-method> <!-- getUser -->
      </class> <!-- Demo1.Practice1 -->
    </test> <!-- Default test -->
  </suite> <!-- Default suite -->
</testng-results>
